[debug] [2021-08-30T16:22:17.686Z] ----------------------------------------------------------------------
[debug] [2021-08-30T16:22:17.688Z] Command:       /Users/gourab337/.nvm/versions/node/v16.8.0/bin/node /Users/gourab337/.nvm/versions/node/v16.8.0/bin/firebase init
[debug] [2021-08-30T16:22:17.688Z] CLI Version:   9.16.6
[debug] [2021-08-30T16:22:17.688Z] Platform:      darwin
[debug] [2021-08-30T16:22:17.689Z] Node Version:  v16.8.0
[debug] [2021-08-30T16:22:17.689Z] Time:          Mon Aug 30 2021 21:52:17 GMT+0530 (India Standard Time)
[debug] [2021-08-30T16:22:17.689Z] ----------------------------------------------------------------------
[debug] 
[debug] [2021-08-30T16:22:17.755Z] > command requires scopes: ["email","openid","https://www.googleapis.com/auth/cloudplatformprojects.readonly","https://www.googleapis.com/auth/firebase","https://www.googleapis.com/auth/cloud-platform"]
[debug] [2021-08-30T16:22:17.755Z] > authorizing via signed-in user (19bcs118@iiitdwd.ac.in)
[info] 
     ######## #### ########  ######## ########     ###     ######  ########
     ##        ##  ##     ## ##       ##     ##  ##   ##  ##       ##
     ######    ##  ########  ######   ########  #########  ######  ######
     ##        ##  ##    ##  ##       ##     ## ##     ##       ## ##
     ##       #### ##     ## ######## ########  ##     ##  ######  ########

You're about to initialize a Firebase project in this directory:

  /Users/gourab337/Desktop/Hackathon-Aug-2021

Before we get started, keep in mind:

  * You are initializing within an existing Firebase project directory

[info] 
=== Project Setup
[info] 
[info] First, let's associate this project directory with a Firebase project.
[info] You can create multiple project aliases by running firebase use --add, 
[info] but for now we'll just set up a default project.
[info] 
[info] i  .firebaserc already has a default project, using yt-classroom-clone. 
[debug] [2021-08-30T16:23:06.201Z] >>> [apiv2][query] GET https://firebase.googleapis.com/v1beta1/projects/yt-classroom-clone [none]
[debug] [2021-08-30T16:23:06.963Z] <<< [apiv2][status] GET https://firebase.googleapis.com/v1beta1/projects/yt-classroom-clone 403
[debug] [2021-08-30T16:23:06.964Z] <<< [apiv2][body] GET https://firebase.googleapis.com/v1beta1/projects/yt-classroom-clone {"error":{"code":403,"message":"The caller does not have permission","status":"PERMISSION_DENIED"}}
[debug] [2021-08-30T16:23:06.964Z] HTTP Error: 403, The caller does not have permission
[debug] [2021-08-30T16:23:07.209Z] FirebaseError: HTTP Error: 403, The caller does not have permission
    at module.exports (/Users/gourab337/.nvm/versions/node/v16.8.0/lib/node_modules/firebase-tools/lib/responseToError.js:38:12)
    at Client.doRequest (/Users/gourab337/.nvm/versions/node/v16.8.0/lib/node_modules/firebase-tools/lib/apiv2.js:238:23)
    at processTicksAndRejections (node:internal/process/task_queues:96:5)
    at async Client.request (/Users/gourab337/.nvm/versions/node/v16.8.0/lib/node_modules/firebase-tools/lib/apiv2.js:96:20)
    at async Object.getFirebaseProject (/Users/gourab337/.nvm/versions/node/v16.8.0/lib/node_modules/firebase-tools/lib/management/projects.js:290:21)
    at async Object.doSetup [as project] (/Users/gourab337/.nvm/versions/node/v16.8.0/lib/node_modules/firebase-tools/lib/init/features/project.js:77:27)
    at async init (/Users/gourab337/.nvm/versions/node/v16.8.0/lib/node_modules/firebase-tools/lib/init/index.js:19:9)
[error] 
[error] Error: Failed to get Firebase project yt-classroom-clone. Please make sure the project exists and your account has permission to access it.
